<?xml version="1.0" encoding="UTF-8"?>
<!-- Generated by org.testng.reporters.JUnitXMLReporter -->
<testsuite ignored="0" hostname="Debaprasad" failures="0" tests="4" name="Default test" time="19.201" errors="0" timestamp="2022-10-29T15:52:44 IST">
  <testcase classname="com.DataDriven.Testing.DataProviderAnnotation" name="loginTest" time="11.555"/>
  <testcase classname="com.DataDriven.Testing.DataProviderAnnotation" name="loginTest" time="1.493"/>
  <testcase classname="com.DataDriven.Testing.DataProviderAnnotation" name="loginTest" time="2.03"/>
  <testcase classname="com.DataDriven.Testing.DataProviderAnnotation" name="loginTest" time="1.423"/>
</testsuite> <!-- Default test -->
