<?xml version="1.0" encoding="UTF-8"?>
<testng-results ignored="0" total="4" passed="4" failed="0" skipped="0">
  <reporter-output>
  </reporter-output>
  <suite started-at="2022-10-29T15:52:24 IST" name="Default suite" finished-at="2022-10-29T15:52:44 IST" duration-ms="19201">
    <groups>
    </groups>
    <test started-at="2022-10-29T15:52:24 IST" name="Default test" finished-at="2022-10-29T15:52:44 IST" duration-ms="19201">
      <class name="com.DataDriven.Testing.DataProviderAnnotation">
        <test-method is-config="true" signature="setup()[pri:0, instance:com.DataDriven.Testing.DataProviderAnnotation@368f2016]" started-at="2022-10-29T15:52:25 IST" name="setup" finished-at="2022-10-29T15:52:26 IST" duration-ms="1485" status="PASS">
          <reporter-output>
          </reporter-output>
        </test-method> <!-- setup -->
        <test-method signature="loginTest(java.lang.String,java.lang.String,java.lang.String)[pri:0, instance:com.DataDriven.Testing.DataProviderAnnotation@368f2016]" started-at="2022-10-29T15:52:27 IST" name="loginTest" data-provider="LoginData" finished-at="2022-10-29T15:52:39 IST" duration-ms="11555" status="PASS">
          <params>
            <param index="0">
              <value>
                <![CDATA[admin@yourstore.com ]]>
              </value>
            </param>
            <param index="1">
              <value>
                <![CDATA[admin]]>
              </value>
            </param>
            <param index="2">
              <value>
                <![CDATA[Valid]]>
              </value>
            </param>
          </params>
          <reporter-output>
          </reporter-output>
        </test-method> <!-- loginTest -->
        <test-method signature="loginTest(java.lang.String,java.lang.String,java.lang.String)[pri:0, instance:com.DataDriven.Testing.DataProviderAnnotation@368f2016]" started-at="2022-10-29T15:52:39 IST" name="loginTest" data-provider="LoginData" finished-at="2022-10-29T15:52:40 IST" duration-ms="1493" status="PASS">
          <params>
            <param index="0">
              <value>
                <![CDATA[admin@yourstore.com ]]>
              </value>
            </param>
            <param index="1">
              <value>
                <![CDATA[adm]]>
              </value>
            </param>
            <param index="2">
              <value>
                <![CDATA[Invalid]]>
              </value>
            </param>
          </params>
          <reporter-output>
          </reporter-output>
        </test-method> <!-- loginTest -->
        <test-method signature="loginTest(java.lang.String,java.lang.String,java.lang.String)[pri:0, instance:com.DataDriven.Testing.DataProviderAnnotation@368f2016]" started-at="2022-10-29T15:52:40 IST" name="loginTest" data-provider="LoginData" finished-at="2022-10-29T15:52:42 IST" duration-ms="2030" status="PASS">
          <params>
            <param index="0">
              <value>
                <![CDATA[adm@yourstore.com]]>
              </value>
            </param>
            <param index="1">
              <value>
                <![CDATA[admin]]>
              </value>
            </param>
            <param index="2">
              <value>
                <![CDATA[Invalid]]>
              </value>
            </param>
          </params>
          <reporter-output>
          </reporter-output>
        </test-method> <!-- loginTest -->
        <test-method signature="loginTest(java.lang.String,java.lang.String,java.lang.String)[pri:0, instance:com.DataDriven.Testing.DataProviderAnnotation@368f2016]" started-at="2022-10-29T15:52:42 IST" name="loginTest" data-provider="LoginData" finished-at="2022-10-29T15:52:44 IST" duration-ms="1423" status="PASS">
          <params>
            <param index="0">
              <value>
                <![CDATA[adm@yourstore.com]]>
              </value>
            </param>
            <param index="1">
              <value>
                <![CDATA[adm]]>
              </value>
            </param>
            <param index="2">
              <value>
                <![CDATA[Invalid]]>
              </value>
            </param>
          </params>
          <reporter-output>
          </reporter-output>
        </test-method> <!-- loginTest -->
        <test-method is-config="true" signature="teardown()[pri:0, instance:com.DataDriven.Testing.DataProviderAnnotation@368f2016]" started-at="2022-10-29T15:52:44 IST" name="teardown" finished-at="2022-10-29T15:52:44 IST" duration-ms="126" status="PASS">
          <reporter-output>
          </reporter-output>
        </test-method> <!-- teardown -->
      </class> <!-- com.DataDriven.Testing.DataProviderAnnotation -->
    </test> <!-- Default test -->
  </suite> <!-- Default suite -->
</testng-results>
